[0610/235506:WARNING:resource_bundle.cc(311)] locale_file_path.empty() for locale 
[0610/235506:ERROR:main_delegate.cc(724)] Could not load locale pak for en-US
[0610/235506:WARNING:resource_bundle.cc(509)] locale resources are not loaded
[0610/235506:WARNING:resource_bundle.cc(509)] locale resources are not loaded
[0610/235506:WARNING:resource_bundle.cc(509)] locale resources are not loaded
[0610/235506:WARNING:resource_bundle.cc(509)] locale resources are not loaded
[0610/235506:WARNING:resource_bundle.cc(509)] locale resources are not loaded
[0610/235506:WARNING:resource_bundle.cc(509)] locale resources are not loaded
[0610/235506:WARNING:resource_bundle.cc(509)] locale resources are not loaded
[0610/235506:WARNING:resource_bundle.cc(509)] locale resources are not loaded
[0610/235506:WARNING:resource_bundle.cc(509)] locale resources are not loaded
[0610/235506:WARNING:resource_bundle.cc(509)] locale resources are not loaded
[0610/235506:WARNING:resource_bundle.cc(509)] locale resources are not loaded
[0610/235506:WARNING:resource_bundle.cc(509)] locale resources are not loaded
[0610/235506:WARNING:resource_bundle.cc(509)] locale resources are not loaded
[0610/235506:WARNING:resource_bundle.cc(509)] locale resources are not loaded
[0610/235506:WARNING:resource_bundle.cc(509)] locale resources are not loaded
[0610/235506:WARNING:resource_bundle.cc(509)] locale resources are not loaded
[0610/235506:WARNING:resource_bundle.cc(509)] locale resources are not loaded
[0610/235506:WARNING:resource_bundle.cc(509)] locale resources are not loaded
[0610/235506:WARNING:resource_bundle.cc(509)] locale resources are not loaded
[0610/235506:WARNING:resource_bundle.cc(509)] locale resources are not loaded
[0610/235506:WARNING:resource_bundle.cc(509)] locale resources are not loaded
[0610/235506:WARNING:resource_bundle.cc(509)] locale resources are not loaded
[0610/235506:WARNING:resource_bundle.cc(509)] locale resources are not loaded
[0610/235506:WARNING:resource_bundle.cc(509)] locale resources are not loaded
[0610/235506:WARNING:resource_bundle.cc(509)] locale resources are not loaded
[0610/235506:WARNING:resource_bundle.cc(509)] locale resources are not loaded
[0610/235506:WARNING:resource_bundle.cc(509)] locale resources are not loaded
[0610/235506:WARNING:resource_bundle.cc(509)] locale resources are not loaded
[0610/235506:WARNING:resource_bundle.cc(509)] locale resources are not loaded
[0610/235506:WARNING:resource_bundle.cc(509)] locale resources are not loaded
[0610/235506:WARNING:resource_bundle.cc(509)] locale resources are not loaded
[0610/235506:WARNING:resource_bundle.cc(509)] locale resources are not loaded
[0610/235506:WARNING:resource_bundle.cc(509)] locale resources are not loaded
[0610/235506:WARNING:resource_bundle.cc(509)] locale resources are not loaded
[0610/235506:WARNING:resource_bundle.cc(509)] locale resources are not loaded
[0610/235506:WARNING:resource_bundle.cc(509)] locale resources are not loaded
[0610/235506:WARNING:resource_bundle.cc(509)] locale resources are not loaded
[0610/235506:WARNING:resource_bundle.cc(509)] locale resources are not loaded
[0610/235506:WARNING:resource_bundle.cc(509)] locale resources are not loaded
[0610/235506:WARNING:resource_bundle.cc(509)] locale resources are not loaded
[0610/235506:WARNING:resource_bundle.cc(509)] locale resources are not loaded
[0610/235506:WARNING:resource_bundle.cc(509)] locale resources are not loaded
[0610/235506:WARNING:resource_bundle.cc(509)] locale resources are not loaded
[0610/235506:WARNING:resource_bundle.cc(509)] locale resources are not loaded
[0610/235506:WARNING:resource_bundle.cc(311)] locale_file_path.empty() for locale 
[0610/235506:ERROR:main_delegate.cc(724)] Could not load locale pak for en-US
[0610/235506:ERROR:angle_platform_impl.cc(33)] ANGLE Display::initialize error 5: DXGI 1.2 required to present to HWNDs owned by another process.
[0610/235506:ERROR:gl_surface_egl.cc(513)] eglInitialize D3D11 failed with error EGL_NOT_INITIALIZED, trying next display type
